info: Microsoft.AspNetCore.DataProtection.KeyManagement.XmlKeyManager[63]
      User profile is available. Using 'C:\Users\jjlid\AppData\Local\ASP.NET\DataProtection-Keys' as key repository and Windows DPAPI to encrypt keys at rest.
info: Microsoft.AspNetCore.Hosting.Diagnostics[1]
      Request starting HTTP/1.1 GET http://localhost:52507/ - -
info: Microsoft.Hosting.Lifetime[0]
      Application started. Press Ctrl+C to shut down.
info: Microsoft.Hosting.Lifetime[0]
      Hosting environment: Development
info: Microsoft.Hosting.Lifetime[0]
      Content root path: C:\Users\jjlid\source\repos\SmartTrafficMonitor\SmartTrafficMonitor\
info: Microsoft.AspNetCore.Routing.EndpointMiddleware[0]
      Executing endpoint 'SmartTrafficMonitor.Controllers.HomeController.Index (SmartTrafficMonitor)'
info: Microsoft.AspNetCore.Mvc.Infrastructure.ControllerActionInvoker[3]
      Route matched with {action = "Index", controller = "Home"}. Executing controller action with signature Microsoft.AspNetCore.Mvc.IActionResult Index(SmartTrafficMonitor.Models.TrafficFilterModel) on controller SmartTrafficMonitor.Controllers.HomeController (SmartTrafficMonitor).
info: Microsoft.EntityFrameworkCore.Infrastructure[10403]
      Entity Framework Core 6.0.0 initialized 'ApplicationDbContext' using provider 'Npgsql.EntityFrameworkCore.PostgreSQL:6.0.0+025fc55189ae41e3f2b98bcbe4eb44c505653700' with options: None
info: Microsoft.EntityFrameworkCore.Database.Command[20101]
      Executed DbCommand (2,551ms) [Parameters=[], CommandType='Text', CommandTimeout='30']
      SELECT t.sensor_id, t.foot_traffic_count, t.movement_type, t.public_transport_ref, t.season, t.timestamp, t.vehicle_count, t.vu_schedule_ref
      FROM traffictable AS t
      ORDER BY t.timestamp DESC
info: Microsoft.AspNetCore.Mvc.ViewFeatures.ViewResultExecutor[1]
      Executing ViewResult, running view Index.
info: Microsoft.AspNetCore.Mvc.ViewFeatures.ViewResultExecutor[4]
      Executed ViewResult - view Index executed in 511.04ms.
info: Microsoft.AspNetCore.Mvc.Infrastructure.ControllerActionInvoker[2]
      Executed action SmartTrafficMonitor.Controllers.HomeController.Index (SmartTrafficMonitor) in 17380.1163ms
info: Microsoft.AspNetCore.Routing.EndpointMiddleware[1]
      Executed endpoint 'SmartTrafficMonitor.Controllers.HomeController.Index (SmartTrafficMonitor)'
info: Microsoft.AspNetCore.Hosting.Diagnostics[2]
      Request finished HTTP/1.1 GET http://localhost:52507/ - - - 200 - text/html;+charset=utf-8 21788.5487ms
info: Microsoft.AspNetCore.Hosting.Diagnostics[1]
      Request starting HTTP/1.1 GET http://localhost:52507/css/site.css - -
info: Microsoft.AspNetCore.Hosting.Diagnostics[1]
      Request starting HTTP/1.1 GET http://localhost:52507/css/site.css?v=Bz1JVvDeuH7BYjqnrs_jDitgMv0ndqHx2QC0BY6xwxI - -
info: Microsoft.AspNetCore.Hosting.Diagnostics[1]
      Request starting HTTP/1.1 GET http://localhost:52507/_framework/aspnetcore-browser-refresh.js - -
info: Microsoft.AspNetCore.Hosting.Diagnostics[2]
      Request finished HTTP/1.1 GET http://localhost:52507/_framework/aspnetcore-browser-refresh.js - - - 200 12370 application/javascript;+charset=utf-8 11.8071ms
info: Microsoft.AspNetCore.StaticFiles.StaticFileMiddleware[6]
      The file /css/site.css was not modified
info: Microsoft.AspNetCore.Hosting.Diagnostics[2]
      Request finished HTTP/1.1 GET http://localhost:52507/css/site.css - - - 304 - text/css 28.0819ms
info: Microsoft.AspNetCore.Hosting.Diagnostics[1]
      Request starting HTTP/1.1 GET http://localhost:52507/_vs/browserLink - -
info: Microsoft.AspNetCore.StaticFiles.StaticFileMiddleware[2]
      Sending file. Request path: '/css/site.css'. Physical path: 'C:\Users\jjlid\source\repos\SmartTrafficMonitor\SmartTrafficMonitor\wwwroot\css\site.css'
info: Microsoft.AspNetCore.Hosting.Diagnostics[2]
      Request finished HTTP/1.1 GET http://localhost:52507/css/site.css?v=Bz1JVvDeuH7BYjqnrs_jDitgMv0ndqHx2QC0BY6xwxI - - - 200 1385 text/css 57.1324ms
info: Microsoft.AspNetCore.Hosting.Diagnostics[2]
      Request finished HTTP/1.1 GET http://localhost:52